<?xml version="1.0" encoding="UTF-8"?>
<coverage generated="1512394101860" clover="3.2.0">
  <project timestamp="1512394101860" name="All files">
    <metrics statements="16" coveredstatements="16" conditionals="8" coveredconditionals="8" methods="4" coveredmethods="4" elements="28" coveredelements="28" complexity="0" loc="16" ncloc="16" packages="2" files="2" classes="2">
      <package name="setup">
        <metrics statements="1" coveredstatements="1" conditionals="0" coveredconditionals="0" methods="0" coveredmethods="0"/>
        <file name="test.setup.js" path="/Users/pc/Soft/rnDisplayable/setup/test.setup.js">
          <metrics statements="1" coveredstatements="1" conditionals="0" coveredconditionals="0" methods="0" coveredmethods="0"/>
          <line num="4" count="1" type="stmt"/>
        </file>
      </package>
      <package name="src">
        <metrics statements="15" coveredstatements="15" conditionals="8" coveredconditionals="8" methods="4" coveredmethods="4"/>
        <file name="displayable.js" path="/Users/pc/Soft/rnDisplayable/src/displayable.js">
          <metrics statements="15" coveredstatements="15" conditionals="8" coveredconditionals="8" methods="4" coveredmethods="4"/>
          <line num="4" count="1" type="stmt"/>
          <line num="5" count="3" type="stmt"/>
          <line num="7" count="2" type="cond" truecount="2" falsecount="0"/>
          <line num="8" count="1" type="stmt"/>
          <line num="11" count="1" type="stmt"/>
          <line num="14" count="1" type="stmt"/>
          <line num="16" count="4" type="cond" truecount="2" falsecount="0"/>
          <line num="17" count="1" type="stmt"/>
          <line num="20" count="3" type="cond" truecount="2" falsecount="0"/>
          <line num="21" count="2" type="cond" truecount="2" falsecount="0"/>
          <line num="22" count="1" type="stmt"/>
          <line num="26" count="2" type="stmt"/>
          <line num="29" count="4" type="stmt"/>
          <line num="33" count="4" type="stmt"/>
          <line num="37" count="4" type="stmt"/>
        </file>
      </package>
    </metrics>
  </project>
</coverage>
