{"/Users/pc/Soft/rnDisplayable/setup/test.setup.js": {"path":"/Users/pc/Soft/rnDisplayable/setup/test.setup.js","statementMap":{"0":{"start":{"line":4,"column":0},"end":{"line":4,"column":45}}},"fnMap":{},"branchMap":{},"s":{"0":1},"f":{},"b":{},"_coverageSchema":"332fd63041d2c1bcb487cc26dd0d5f7d97098a6c","hash":"0e4c7b0da984863fa5bd72006d6883abdb9d5002"}
,"/Users/pc/Soft/rnDisplayable/src/displayable.js": {"path":"/Users/pc/Soft/rnDisplayable/src/displayable.js","statementMap":{"0":{"start":{"line":4,"column":20},"end":{"line":22,"column":1}},"1":{"start":{"line":6,"column":4},"end":{"line":8,"column":5}},"2":{"start":{"line":7,"column":6},"end":{"line":7,"column":38}},"3":{"start":{"line":10,"column":4},"end":{"line":10,"column":16}},"4":{"start":{"line":13,"column":2},"end":{"line":15,"column":4}},"5":{"start":{"line":17,"column":2},"end":{"line":19,"column":4}},"6":{"start":{"line":21,"column":2},"end":{"line":21,"column":21}}},"fnMap":{"0":{"name":"(anonymous_0)","decl":{"start":{"line":4,"column":20},"end":{"line":4,"column":21}},"loc":{"start":{"line":4,"column":35},"end":{"line":22,"column":1}},"line":4},"1":{"name":"Displayable","decl":{"start":{"line":5,"column":11},"end":{"line":5,"column":22}},"loc":{"start":{"line":5,"column":30},"end":{"line":11,"column":3}},"line":5}},"branchMap":{"0":{"loc":{"start":{"line":6,"column":4},"end":{"line":8,"column":5}},"type":"if","locations":[{"start":{"line":6,"column":4},"end":{"line":8,"column":5}},{"start":{"line":6,"column":4},"end":{"line":8,"column":5}}],"line":6}},"s":{"0":1,"1":2,"2":1,"3":1,"4":2,"5":2,"6":2},"f":{"0":2,"1":2},"b":{"0":[1,1]},"_coverageSchema":"332fd63041d2c1bcb487cc26dd0d5f7d97098a6c","hash":"3cb12f48ff3feee1781da1218056aaf9a24ac0eb"}
}
