{"/Users/pc/Soft/rnDisplayable/setup/test.setup.js": {"path":"/Users/pc/Soft/rnDisplayable/setup/test.setup.js","statementMap":{"0":{"start":{"line":4,"column":0},"end":{"line":4,"column":45}}},"fnMap":{},"branchMap":{},"s":{"0":1},"f":{},"b":{},"_coverageSchema":"332fd63041d2c1bcb487cc26dd0d5f7d97098a6c","hash":"0e4c7b0da984863fa5bd72006d6883abdb9d5002"}
,"/Users/pc/Soft/rnDisplayable/src/displayable.js": {"path":"/Users/pc/Soft/rnDisplayable/src/displayable.js","statementMap":{"0":{"start":{"line":4,"column":20},"end":{"line":12,"column":1}},"1":{"start":{"line":5,"column":26},"end":{"line":5,"column":58}},"2":{"start":{"line":5,"column":45},"end":{"line":5,"column":57}},"3":{"start":{"line":7,"column":2},"end":{"line":9,"column":3}},"4":{"start":{"line":8,"column":4},"end":{"line":8,"column":17}},"5":{"start":{"line":11,"column":2},"end":{"line":11,"column":14}},"6":{"start":{"line":14,"column":20},"end":{"line":39,"column":1}},"7":{"start":{"line":16,"column":4},"end":{"line":18,"column":5}},"8":{"start":{"line":17,"column":6},"end":{"line":17,"column":38}},"9":{"start":{"line":20,"column":4},"end":{"line":25,"column":5}},"10":{"start":{"line":21,"column":6},"end":{"line":24,"column":7}},"11":{"start":{"line":22,"column":8},"end":{"line":22,"column":27}},"12":{"start":{"line":23,"column":8},"end":{"line":23,"column":40}},"13":{"start":{"line":27,"column":4},"end":{"line":27,"column":16}},"14":{"start":{"line":30,"column":2},"end":{"line":32,"column":4}},"15":{"start":{"line":34,"column":2},"end":{"line":36,"column":4}},"16":{"start":{"line":38,"column":2},"end":{"line":38,"column":21}}},"fnMap":{"0":{"name":"(anonymous_0)","decl":{"start":{"line":4,"column":20},"end":{"line":4,"column":21}},"loc":{"start":{"line":4,"column":38},"end":{"line":12,"column":1}},"line":4},"1":{"name":"(anonymous_1)","decl":{"start":{"line":5,"column":37},"end":{"line":5,"column":38}},"loc":{"start":{"line":5,"column":45},"end":{"line":5,"column":57}},"line":5},"2":{"name":"(anonymous_2)","decl":{"start":{"line":14,"column":20},"end":{"line":14,"column":21}},"loc":{"start":{"line":14,"column":42},"end":{"line":39,"column":1}},"line":14},"3":{"name":"Displayable","decl":{"start":{"line":15,"column":11},"end":{"line":15,"column":22}},"loc":{"start":{"line":15,"column":30},"end":{"line":28,"column":3}},"line":15}},"branchMap":{"0":{"loc":{"start":{"line":7,"column":2},"end":{"line":9,"column":3}},"type":"if","locations":[{"start":{"line":7,"column":2},"end":{"line":9,"column":3}},{"start":{"line":7,"column":2},"end":{"line":9,"column":3}}],"line":7},"1":{"loc":{"start":{"line":16,"column":4},"end":{"line":18,"column":5}},"type":"if","locations":[{"start":{"line":16,"column":4},"end":{"line":18,"column":5}},{"start":{"line":16,"column":4},"end":{"line":18,"column":5}}],"line":16},"2":{"loc":{"start":{"line":20,"column":4},"end":{"line":25,"column":5}},"type":"if","locations":[{"start":{"line":20,"column":4},"end":{"line":25,"column":5}},{"start":{"line":20,"column":4},"end":{"line":25,"column":5}}],"line":20},"3":{"loc":{"start":{"line":21,"column":6},"end":{"line":24,"column":7}},"type":"if","locations":[{"start":{"line":21,"column":6},"end":{"line":24,"column":7}},{"start":{"line":21,"column":6},"end":{"line":24,"column":7}}],"line":21}},"s":{"0":1,"1":2,"2":3,"3":2,"4":1,"5":1,"6":1,"7":4,"8":1,"9":3,"10":2,"11":1,"12":1,"13":2,"14":4,"15":4,"16":4},"f":{"0":2,"1":3,"2":4,"3":4},"b":{"0":[1,1],"1":[1,3],"2":[2,1],"3":[1,1]},"_coverageSchema":"332fd63041d2c1bcb487cc26dd0d5f7d97098a6c","hash":"09269a5a6dd1a78bdeb4125b45c1a27b87bca3d4"}
}
