TN:
SF:/Users/pc/Soft/rnDisplayable/setup/test.setup.js
FNF:0
FNH:0
DA:4,1
LF:1
LH:1
BRF:0
BRH:0
end_of_record
TN:
SF:/Users/pc/Soft/rnDisplayable/src/displayable.js
FN:4,(anonymous_0)
FN:5,(anonymous_1)
FN:14,(anonymous_2)
FN:15,Displayable
FNF:4
FNH:4
FNDA:2,(anonymous_0)
FNDA:3,(anonymous_1)
FNDA:4,(anonymous_2)
FNDA:4,Displayable
DA:4,1
DA:5,3
DA:7,2
DA:8,1
DA:11,1
DA:14,1
DA:16,4
DA:17,1
DA:20,3
DA:21,2
DA:22,1
DA:23,1
DA:27,2
DA:30,4
DA:34,4
DA:38,4
LF:16
LH:16
BRDA:7,0,0,1
BRDA:7,0,1,1
BRDA:16,1,0,1
BRDA:16,1,1,3
BRDA:20,2,0,2
BRDA:20,2,1,1
BRDA:21,3,0,1
BRDA:21,3,1,1
BRF:8
BRH:8
end_of_record
